Opened convpng.ini

--- Group tiles_gfx (C) ---
Building Palette...
Palette quality : 100.00%
TranspColorIndex : 0x00
TranspColor : 0x7F22
1:
 tileset : 100.00%
 tileset_tile_0_compressed (compression: 258 -> 44 bytes) (tileset.c)
 tileset_tile_1_compressed (compression: 258 -> 64 bytes) (tileset.c)
 tileset_tile_2_compressed (compression: 258 -> 59 bytes) (tileset.c)
 tileset_tile_3_compressed (compression: 258 -> 45 bytes) (tileset.c)
 tileset_tile_4_compressed (compression: 258 -> 179 bytes) (tileset.c)
 tileset_tile_5_compressed (compression: 258 -> 188 bytes) (tileset.c)
 tileset_tile_6_compressed (compression: 258 -> 104 bytes) (tileset.c)
 tileset_tile_7_compressed (compression: 258 -> 109 bytes) (tileset.c)
 tileset_tile_8_compressed (compression: 258 -> 121 bytes) (tileset.c)
 tileset_tile_9_compressed (compression: 258 -> 103 bytes) (tileset.c)
 tileset_tile_10_compressed (compression: 258 -> 103 bytes) (tileset.c)
 tileset_tile_11_compressed (compression: 258 -> 115 bytes) (tileset.c)
 tileset_tile_12_compressed (compression: 258 -> 82 bytes) (tileset.c)
 tileset_tile_13_compressed (compression: 258 -> 79 bytes) (tileset.c)
 tileset_tile_14_compressed (compression: 258 -> 79 bytes) (tileset.c)
 tileset_tile_15_compressed (compression: 258 -> 78 bytes) (tileset.c)
 tileset_tile_16_compressed (compression: 258 -> 204 bytes) (tileset.c)
 tileset_tile_17_compressed (compression: 258 -> 161 bytes) (tileset.c)
 tileset_tile_18_compressed (compression: 258 -> 179 bytes) (tileset.c)
 tileset_tile_19_compressed (compression: 258 -> 204 bytes) (tileset.c)
 tileset_tile_20_compressed (compression: 258 -> 209 bytes) (tileset.c)
 tileset_tile_21_compressed (compression: 258 -> 208 bytes) (tileset.c)
 tileset_tile_22_compressed (compression: 258 -> 205 bytes) (tileset.c)
 tileset_tile_23_compressed (compression: 258 -> 199 bytes) (tileset.c)
 tileset_tile_24_compressed (compression: 258 -> 46 bytes) (tileset.c)
 tileset_tile_25_compressed (compression: 258 -> 41 bytes) (tileset.c)
 tileset_tile_26_compressed (compression: 258 -> 41 bytes) (tileset.c)
 tileset_tile_27_compressed (compression: 258 -> 51 bytes) (tileset.c)
 tileset_tile_28_compressed (compression: 258 -> 86 bytes) (tileset.c)
 tileset_tile_29_compressed (compression: 258 -> 120 bytes) (tileset.c)
 tileset_tile_30_compressed (compression: 258 -> 128 bytes) (tileset.c)
 tileset_tile_31_compressed (compression: 258 -> 80 bytes) (tileset.c)
 tileset_tile_32_compressed (compression: 258 -> 102 bytes) (tileset.c)
 tileset_tile_33_compressed (compression: 258 -> 87 bytes) (tileset.c)
 tileset_tile_34_compressed (compression: 258 -> 94 bytes) (tileset.c)
 tileset_tile_35_compressed (compression: 258 -> 164 bytes) (tileset.c)
 tileset_tile_36_compressed (compression: 258 -> 144 bytes) (tileset.c)
 tileset_tile_37_compressed (compression: 258 -> 146 bytes) (tileset.c)
 tileset_tile_38_compressed (compression: 258 -> 171 bytes) (tileset.c)
 tileset_tile_39_compressed (compression: 258 -> 180 bytes) (tileset.c)
 tileset_tile_40_compressed (compression: 258 -> 91 bytes) (tileset.c)
 tileset_tile_41_compressed (compression: 258 -> 117 bytes) (tileset.c)
 tileset_tile_42_compressed (compression: 258 -> 127 bytes) (tileset.c)
 tileset_tile_43_compressed (compression: 258 -> 94 bytes) (tileset.c)
 tileset_tile_44_compressed (compression: 258 -> 139 bytes) (tileset.c)
 tileset_tile_45_compressed (compression: 258 -> 126 bytes) (tileset.c)
 tileset_tile_46_compressed (compression: 258 -> 138 bytes) (tileset.c)
 tileset_tile_47_compressed (compression: 258 -> 161 bytes) (tileset.c)
 tileset_tile_48_compressed (compression: 258 -> 72 bytes) (tileset.c)
 tileset_tile_49_compressed (compression: 258 -> 36 bytes) (tileset.c)
 tileset_tile_50_compressed (compression: 258 -> 71 bytes) (tileset.c)
 tileset_tile_51_compressed (compression: 258 -> 161 bytes) (tileset.c)
 tileset_tile_52_compressed (compression: 258 -> 167 bytes) (tileset.c)
 tileset_tile_53_compressed (compression: 258 -> 115 bytes) (tileset.c)
 tileset_tile_54_compressed (compression: 258 -> 86 bytes) (tileset.c)
 tileset_tile_55_compressed (compression: 258 -> 153 bytes) (tileset.c)
 tileset_tile_56_compressed (compression: 258 -> 73 bytes) (tileset.c)
 tileset_tile_57_compressed (compression: 258 -> 125 bytes) (tileset.c)
 tileset_tile_58_compressed (compression: 258 -> 117 bytes) (tileset.c)
 tileset_tile_59_compressed (compression: 258 -> 78 bytes) (tileset.c)
 tileset_tile_60_compressed (compression: 258 -> 124 bytes) (tileset.c)
 tileset_tile_61_compressed (compression: 258 -> 89 bytes) (tileset.c)
 tileset_tile_62_compressed (compression: 258 -> 112 bytes) (tileset.c)
 tileset_tile_63_compressed (compression: 258 -> 166 bytes) (tileset.c)
 tileset_tile_64_compressed (compression: 258 -> 93 bytes) (tileset.c)
 tileset_tile_65_compressed (compression: 258 -> 91 bytes) (tileset.c)
 tileset_tile_66_compressed (compression: 258 -> 101 bytes) (tileset.c)
 tileset_tile_67_compressed (compression: 258 -> 69 bytes) (tileset.c)
 tileset_tile_68_compressed (compression: 258 -> 67 bytes) (tileset.c)
 tileset_tile_69_compressed (compression: 258 -> 183 bytes) (tileset.c)
 tileset_tile_70_compressed (compression: 258 -> 147 bytes) (tileset.c)
 tileset_tile_71_compressed (compression: 258 -> 160 bytes) (tileset.c)
 tileset_tile_72_compressed (compression: 258 -> 82 bytes) (tileset.c)
 tileset_tile_73_compressed (compression: 258 -> 51 bytes) (tileset.c)
 tileset_tile_74_compressed (compression: 258 -> 51 bytes) (tileset.c)
 tileset_tile_75_compressed (compression: 258 -> 78 bytes) (tileset.c)
 tileset_tile_76_compressed (compression: 258 -> 136 bytes) (tileset.c)
 tileset_tile_77_compressed (compression: 258 -> 120 bytes) (tileset.c)
 tileset_tile_78_compressed (compression: 258 -> 120 bytes) (tileset.c)
 tileset_tile_79_compressed (compression: 258 -> 140 bytes) (tileset.c)
 tileset_tile_80_compressed (compression: 258 -> 140 bytes) (tileset.c)
 tileset_tile_81_compressed (compression: 258 -> 122 bytes) (tileset.c)
 tileset_tile_82_compressed (compression: 258 -> 137 bytes) (tileset.c)
 tileset_tile_83_compressed (compression: 258 -> 60 bytes) (tileset.c)
 tileset_tile_84_compressed (compression: 258 -> 66 bytes) (tileset.c)
 tileset_tile_85_compressed (compression: 258 -> 192 bytes) (tileset.c)
 tileset_tile_86_compressed (compression: 258 -> 142 bytes) (tileset.c)
 tileset_tile_87_compressed (compression: 258 -> 195 bytes) (tileset.c)
 tileset_tile_88_compressed (compression: 258 -> 86 bytes) (tileset.c)
 tileset_tile_89_compressed (compression: 258 -> 93 bytes) (tileset.c)
 tileset_tile_90_compressed (compression: 258 -> 93 bytes) (tileset.c)
 tileset_tile_91_compressed (compression: 258 -> 80 bytes) (tileset.c)
 tileset_tile_92_compressed (compression: 258 -> 93 bytes) (tileset.c)
 tileset_tile_93_compressed (compression: 258 -> 74 bytes) (tileset.c)
 tileset_tile_94_compressed (compression: 258 -> 74 bytes) (tileset.c)
 tileset_tile_95_compressed (compression: 258 -> 93 bytes) (tileset.c)
 tileset_tile_96_compressed (compression: 258 -> 131 bytes) (tileset.c)
 tileset_tile_97_compressed (compression: 258 -> 122 bytes) (tileset.c)
 tileset_tile_98_compressed (compression: 258 -> 143 bytes) (tileset.c)
 tileset_tile_99_compressed (compression: 258 -> 139 bytes) (tileset.c)
 tileset_tile_100_compressed (compression: 258 -> 146 bytes) (tileset.c)
 tileset_tile_101_compressed (compression: 258 -> 175 bytes) (tileset.c)
 tileset_tile_102_compressed (compression: 258 -> 147 bytes) (tileset.c)
 tileset_tile_103_compressed (compression: 258 -> 167 bytes) (tileset.c)
 tileset_tile_104_compressed (compression: 258 -> 139 bytes) (tileset.c)
 tileset_tile_105_compressed (compression: 258 -> 126 bytes) (tileset.c)
 tileset_tile_106_compressed (compression: 258 -> 138 bytes) (tileset.c)
 tileset_tile_107_compressed (compression: 258 -> 161 bytes) (tileset.c)
 tileset_tile_108_compressed (compression: 258 -> 101 bytes) (tileset.c)
 tileset_tile_109_compressed (compression: 258 -> 100 bytes) (tileset.c)
 tileset_tile_110_compressed (compression: 258 -> 112 bytes) (tileset.c)
 tileset_tile_111_compressed (compression: 258 -> 93 bytes) (tileset.c)
 tileset_tile_112_compressed (compression: 258 -> 130 bytes) (tileset.c)
 tileset_tile_113_compressed (compression: 258 -> 129 bytes) (tileset.c)
 tileset_tile_114_compressed (compression: 258 -> 134 bytes) (tileset.c)
 tileset_tile_115_compressed (compression: 258 -> 151 bytes) (tileset.c)
 tileset_tile_116_compressed (compression: 258 -> 151 bytes) (tileset.c)
 tileset_tile_117_compressed (compression: 258 -> 197 bytes) (tileset.c)
 tileset_tile_118_compressed (compression: 258 -> 149 bytes) (tileset.c)
 tileset_tile_119_compressed (compression: 258 -> 190 bytes) (tileset.c)
 tileset_tile_120_compressed (compression: 258 -> 124 bytes) (tileset.c)
 tileset_tile_121_compressed (compression: 258 -> 89 bytes) (tileset.c)
 tileset_tile_122_compressed (compression: 258 -> 112 bytes) (tileset.c)
 tileset_tile_123_compressed (compression: 258 -> 160 bytes) (tileset.c)
 tileset_tile_124_compressed (compression: 258 -> 76 bytes) (tileset.c)
 tileset_tile_125_compressed (compression: 258 -> 125 bytes) (tileset.c)
 tileset_tile_126_compressed (compression: 258 -> 107 bytes) (tileset.c)
 tileset_tile_127_compressed (compression: 258 -> 81 bytes) (tileset.c)
Converted in 0 s

Finished!
